<?xml version="1.0" encoding="UTF-8"?>
<testsuite xmlns:xsi="http://www.w3.org/2001/XMLSchema-instance" xsi:noNamespaceSchemaLocation="https://maven.apache.org/surefire/maven-surefire-plugin/xsd/surefire-test-report-3.0.xsd" version="3.0" name="secxndary_framework.test.OzByTest" time="17.148" tests="2" errors="0" skipped="0" failures="1">
  <properties>
[...]
</properties>
  <testcase name="AddressAdding_ShouldReturnError_WhenAddressIsNonExistent" classname="secxndary_framework.test.OzByTest" time="7.608">
    <failure message="expected [false] but found [true]" type="java.lang.AssertionError"><![CDATA[java.lang.AssertionError: expected [false] but found [true]
	at org.testng.Assert.fail(Assert.java:96)
	at org.testng.Assert.failNotEquals(Assert.java:776)
	at org.testng.Assert.assertFalse(Assert.java:65)
	at org.testng.Assert.assertFalse(Assert.java:75)
	at secxndary_framework.test.OzByTest.AddressAdding_ShouldReturnError_WhenAddressIsNonExistent(OzByTest.java:171)
	at java.base/jdk.internal.reflect.NativeMethodAccessorImpl.invoke0(Native Method)
	at java.base/jdk.internal.reflect.NativeMethodAccessorImpl.invoke(NativeMethodAccessorImpl.java:77)
	at java.base/jdk.internal.reflect.DelegatingMethodAccessorImpl.invoke(DelegatingMethodAccessorImpl.java:43)
	at java.base/java.lang.reflect.Method.invoke(Method.java:568)
	at org.testng.internal.MethodInvocationHelper.invokeMethod(MethodInvocationHelper.java:124)
	at org.testng.internal.Invoker.invokeMethod(Invoker.java:583)
	at org.testng.internal.Invoker.invokeTestMethod(Invoker.java:719)
	at org.testng.internal.Invoker.invokeTestMethods(Invoker.java:989)
	at org.testng.internal.TestMethodWorker.invokeTestMethods(TestMethodWorker.java:125)
	at org.testng.internal.TestMethodWorker.run(TestMethodWorker.java:109)
	at org.testng.TestRunner.privateRun(TestRunner.java:648)
	at org.testng.TestRunner.run(TestRunner.java:505)
	at org.testng.SuiteRunner.runTest(SuiteRunner.java:455)
	at org.testng.SuiteRunner.runSequentially(SuiteRunner.java:450)
	at org.testng.SuiteRunner.privateRun(SuiteRunner.java:415)
	at org.testng.SuiteRunner.run(SuiteRunner.java:364)
	at org.testng.SuiteRunnerWorker.runSuite(SuiteRunnerWorker.java:52)
	at org.testng.SuiteRunnerWorker.run(SuiteRunnerWorker.java:84)
	at org.testng.TestNG.runSuitesSequentially(TestNG.java:1208)
	at org.testng.TestNG.runSuitesLocally(TestNG.java:1137)
	at org.testng.TestNG.runSuites(TestNG.java:1049)
	at org.testng.TestNG.run(TestNG.java:1017)
	at org.apache.maven.surefire.testng.TestNGExecutor.run(TestNGExecutor.java:151)
	at org.apache.maven.surefire.testng.TestNGDirectoryTestSuite.executeSingleClass(TestNGDirectoryTestSuite.java:111)
	at org.apache.maven.surefire.testng.TestNGDirectoryTestSuite.execute(TestNGDirectoryTestSuite.java:98)
	at org.apache.maven.surefire.testng.TestNGProvider.invoke(TestNGProvider.java:155)
	at org.apache.maven.surefire.booter.ForkedBooter.runSuitesInProcess(ForkedBooter.java:456)
	at org.apache.maven.surefire.booter.ForkedBooter.execute(ForkedBooter.java:169)
	at org.apache.maven.surefire.booter.ForkedBooter.run(ForkedBooter.java:595)
	at org.apache.maven.surefire.booter.ForkedBooter.main(ForkedBooter.java:581)
]]></failure>
    <system-out><![CDATA[2022-12-21 19:24:22,200 INFO  [main] secxndary_framework.page.OzByHomePage.<init>(OzByHomePage.java:50) Opened HomePage
2022-12-21 19:24:23,090 INFO  [main] secxndary_framework.page.OzByHomePage.loginIntoAccount(OzByHomePage.java:59) loginIntoAccount: valdaitsevv@mail.ru / 4cLMSR
2022-12-21 19:24:26,262 INFO  [main] secxndary_framework.page.OzByHomePage.openCartPage(OzByHomePage.java:118) openCartPage
2022-12-21 19:24:26,265 INFO  [main] secxndary_framework.page.OzByCartPage.<init>(OzByCartPage.java:53) Opened CartPage
2022-12-21 19:24:27,144 INFO  [main] secxndary_framework.page.OzByCartPage.chooseCourierDeliveryOption(OzByCartPage.java:85) chooseCourierDeliveryOption
2022-12-21 19:24:29,594 INFO  [main] secxndary_framework.page.OzByCartPage.addDeliveryAddress(OzByCartPage.java:109) addDeliveryAddress: street: dimitriadi anton, house: lox 123
2022-12-21 19:24:29,606 INFO  [main] secxndary_framework.page.OzByCartPage.checkIfAddressHasBeenAdded(OzByCartPage.java:116) checkIfAddressHasBeenAdded: true
]]></system-out>
    <system-err><![CDATA[SLF4J: Failed to load class "org.slf4j.impl.StaticLoggerBinder".
SLF4J: Defaulting to no-operation (NOP) logger implementation
SLF4J: See http://www.slf4j.org/codes.html#StaticLoggerBinder for further details.
Starting ChromeDriver 107.0.5304.62 (1eec40d3a5764881c92085aaee66d25075c159aa-refs/branch-heads/5304@{#942}) on port 4391
Only local connections are allowed.
Please see https://chromedriver.chromium.org/security-considerations for suggestions on keeping ChromeDriver safe.
ChromeDriver was started successfully.
дек. 21, 2022 7:24:22 PM org.openqa.selenium.remote.ProtocolHandshake createSession
INFO: Detected dialect: W3C
]]></system-err>
  </testcase>
  <testcase name="EnterNumberOfGoods_ShouldReturnError_WhenNumberOfGoods_IsMoreThan99" classname="secxndary_framework.test.OzByTest" time="6.336">
    <system-out><![CDATA[2022-12-21 19:24:30,782 INFO  [main] secxndary_framework.page.OzByHomePage.<init>(OzByHomePage.java:50) Opened HomePage
2022-12-21 19:24:31,504 INFO  [main] secxndary_framework.page.OzByHomePage.loginIntoAccount(OzByHomePage.java:59) loginIntoAccount: valdaitsevv@mail.ru / 4cLMSR
2022-12-21 19:24:34,494 INFO  [main] secxndary_framework.page.OzByHomePage.openFirstGoodPage(OzByHomePage.java:132) openFirstGoodPage
2022-12-21 19:24:34,496 INFO  [main] secxndary_framework.page.OzByGoodsPage.<init>(OzByGoodsPage.java:36) Opened GoodsPage
2022-12-21 19:24:35,836 INFO  [main] secxndary_framework.page.OzByGoodsPage.openCartPage(OzByGoodsPage.java:77) openCartPage: the product is in the cart already.
2022-12-21 19:24:35,837 INFO  [main] secxndary_framework.page.OzByCartPage.<init>(OzByCartPage.java:53) Opened CartPage
2022-12-21 19:24:37,101 INFO  [main] secxndary_framework.page.OzByCartPage.enterNumberOfGoods(OzByCartPage.java:61) enterNumberOfGoods: 358
2022-12-21 19:24:37,115 ERROR  [main] secxndary_framework.page.OzByCartPage.checkIfNumberOfGoodsIsSent(OzByCartPage.java:72) checkIfNumberOfGoodsIsSent: NoSuchElementException
]]></system-out>
    <system-err><![CDATA[Starting ChromeDriver 107.0.5304.62 (1eec40d3a5764881c92085aaee66d25075c159aa-refs/branch-heads/5304@{#942}) on port 31207
Only local connections are allowed.
Please see https://chromedriver.chromium.org/security-considerations for suggestions on keeping ChromeDriver safe.
ChromeDriver was started successfully.
дек. 21, 2022 7:24:30 PM org.openqa.selenium.remote.ProtocolHandshake createSession
INFO: Detected dialect: W3C
]]></system-err>
  </testcase>
</testsuite>